c:\users\nfe81\source\repos\s2d_engine\s2d_engine\debug\vc142.pdb
c:\users\nfe81\source\repos\s2d_engine\s2d_engine\debug\vc142.idb
c:\users\nfe81\source\repos\s2d_engine\s2d_engine\debug\main.obj
c:\users\nfe81\source\repos\s2d_engine\s2d_engine\debug\simplewindow.obj
c:\users\nfe81\source\repos\s2d_engine\s2d_engine\debug\vec2.obj
c:\users\nfe81\source\repos\s2d_engine\s2d_engine\debug\ccore.obj
c:\users\nfe81\source\repos\s2d_engine\s2d_engine\debug\cobject.obj
c:\users\nfe81\source\repos\s2d_engine\debug\s2d_engine.pdb
c:\users\nfe81\source\repos\s2d_engine\s2d_engine\debug\s2d_engine.tlog\cl.command.1.tlog
c:\users\nfe81\source\repos\s2d_engine\s2d_engine\debug\s2d_engine.tlog\cl.read.1.tlog
c:\users\nfe81\source\repos\s2d_engine\s2d_engine\debug\s2d_engine.tlog\cl.write.1.tlog
c:\users\nfe81\source\repos\s2d_engine\s2d_engine\debug\s2d_engine.tlog\link-cvtres.read.1.tlog
c:\users\nfe81\source\repos\s2d_engine\s2d_engine\debug\s2d_engine.tlog\link-cvtres.write.1.tlog
c:\users\nfe81\source\repos\s2d_engine\s2d_engine\debug\s2d_engine.tlog\link-rc.read.1.tlog
c:\users\nfe81\source\repos\s2d_engine\s2d_engine\debug\s2d_engine.tlog\link-rc.write.1.tlog
c:\users\nfe81\source\repos\s2d_engine\s2d_engine\debug\s2d_engine.tlog\link.31884-cvtres.read.1.tlog
c:\users\nfe81\source\repos\s2d_engine\s2d_engine\debug\s2d_engine.tlog\link.31884-cvtres.write.1.tlog
c:\users\nfe81\source\repos\s2d_engine\s2d_engine\debug\s2d_engine.tlog\link.31884-rc.read.1.tlog
c:\users\nfe81\source\repos\s2d_engine\s2d_engine\debug\s2d_engine.tlog\link.31884-rc.write.1.tlog
c:\users\nfe81\source\repos\s2d_engine\s2d_engine\debug\s2d_engine.tlog\link.31884.read.1.tlog
c:\users\nfe81\source\repos\s2d_engine\s2d_engine\debug\s2d_engine.tlog\link.31884.write.1.tlog
c:\users\nfe81\source\repos\s2d_engine\s2d_engine\debug\s2d_engine.tlog\link.command.1.tlog
c:\users\nfe81\source\repos\s2d_engine\s2d_engine\debug\s2d_engine.tlog\link.read.1.tlog
c:\users\nfe81\source\repos\s2d_engine\s2d_engine\debug\s2d_engine.tlog\link.write.1.tlog
